warning: field `tool_router` is never read
  --> src/main.rs:27:5
   |
26 | struct Repro {
   |        ----- field in this struct
27 |     tool_router: ToolRouter<Self>,
   |     ^^^^^^^^^^^
   |
   = note: `Repro` has a derived impl for the trait `Clone`, but this is intentionally ignored during dead code analysis
   = note: `#[warn(dead_code)]` (part of `#[warn(unused)]`) on by default

warning: `rmcp-disconnect-repro` (bin "rmcp-disconnect-repro") generated 1 warning
    Finished `dev` profile [unoptimized + debuginfo] target(s) in 0.04s
     Running `target/debug/rmcp-disconnect-repro`
2026-05-19T17:22:49.115564Z  INFO rmcp_disconnect_repro: rmcp-disconnect-repro listening addr="127.0.0.1:8765"
2026-05-19T17:22:57.556095Z  INFO serve_inner: rmcp::service: Service initialized as server peer_info=None
2026-05-19T17:22:57.657910Z  INFO serve_inner: rmcp_disconnect_repro: poll i=0 elapsed_ms=101 cancelled=false
2026-05-19T17:22:57.759575Z  INFO serve_inner: rmcp_disconnect_repro: poll i=1 elapsed_ms=203 cancelled=false
2026-05-19T17:22:57.860155Z  INFO serve_inner: rmcp_disconnect_repro: poll i=2 elapsed_ms=303 cancelled=false
2026-05-19T17:22:57.961728Z  INFO serve_inner: rmcp_disconnect_repro: poll i=3 elapsed_ms=405 cancelled=false
2026-05-19T17:22:58.062140Z  INFO serve_inner: rmcp_disconnect_repro: poll i=4 elapsed_ms=505 cancelled=false
2026-05-19T17:22:58.163658Z  INFO serve_inner: rmcp_disconnect_repro: poll i=5 elapsed_ms=607 cancelled=false
2026-05-19T17:22:58.265073Z  INFO serve_inner: rmcp_disconnect_repro: poll i=6 elapsed_ms=708 cancelled=false
2026-05-19T17:22:58.366581Z  INFO serve_inner: rmcp_disconnect_repro: poll i=7 elapsed_ms=810 cancelled=false
2026-05-19T17:22:58.467161Z  INFO serve_inner: rmcp_disconnect_repro: poll i=8 elapsed_ms=910 cancelled=false
2026-05-19T17:22:58.568646Z  INFO serve_inner: rmcp_disconnect_repro: poll i=9 elapsed_ms=1012 cancelled=false
2026-05-19T17:22:58.669150Z  INFO serve_inner: rmcp_disconnect_repro: poll i=10 elapsed_ms=1112 cancelled=false
2026-05-19T17:22:58.770681Z  INFO serve_inner: rmcp_disconnect_repro: poll i=11 elapsed_ms=1214 cancelled=false
2026-05-19T17:22:58.871203Z  INFO serve_inner: rmcp_disconnect_repro: poll i=12 elapsed_ms=1314 cancelled=false
2026-05-19T17:22:58.972683Z  INFO serve_inner: rmcp_disconnect_repro: poll i=13 elapsed_ms=1416 cancelled=false
2026-05-19T17:22:59.073186Z  INFO serve_inner: rmcp_disconnect_repro: poll i=14 elapsed_ms=1516 cancelled=false
2026-05-19T17:22:59.174772Z  INFO serve_inner: rmcp_disconnect_repro: poll i=15 elapsed_ms=1618 cancelled=false
2026-05-19T17:22:59.276290Z  INFO serve_inner: rmcp_disconnect_repro: poll i=16 elapsed_ms=1719 cancelled=false
2026-05-19T17:22:59.377807Z  INFO serve_inner: rmcp_disconnect_repro: poll i=17 elapsed_ms=1821 cancelled=false
2026-05-19T17:22:59.479301Z  INFO serve_inner: rmcp_disconnect_repro: poll i=18 elapsed_ms=1922 cancelled=false
2026-05-19T17:22:59.580861Z  INFO serve_inner: rmcp_disconnect_repro: poll i=19 elapsed_ms=2024 cancelled=false
2026-05-19T17:22:59.682449Z  INFO serve_inner: rmcp_disconnect_repro: poll i=20 elapsed_ms=2125 cancelled=false
2026-05-19T17:22:59.783182Z  INFO serve_inner: rmcp_disconnect_repro: poll i=21 elapsed_ms=2226 cancelled=false
2026-05-19T17:22:59.884777Z  INFO serve_inner: rmcp_disconnect_repro: poll i=22 elapsed_ms=2328 cancelled=false
2026-05-19T17:22:59.986410Z  INFO serve_inner: rmcp_disconnect_repro: poll i=23 elapsed_ms=2429 cancelled=false
2026-05-19T17:23:00.087969Z  INFO serve_inner: rmcp_disconnect_repro: poll i=24 elapsed_ms=2531 cancelled=false
2026-05-19T17:23:00.189542Z  INFO serve_inner: rmcp_disconnect_repro: poll i=25 elapsed_ms=2633 cancelled=false
2026-05-19T17:23:00.291181Z  INFO serve_inner: rmcp_disconnect_repro: poll i=26 elapsed_ms=2734 cancelled=false
2026-05-19T17:23:00.392750Z  INFO serve_inner: rmcp_disconnect_repro: poll i=27 elapsed_ms=2836 cancelled=false
2026-05-19T17:23:00.493356Z  INFO serve_inner: rmcp_disconnect_repro: poll i=28 elapsed_ms=2936 cancelled=false
2026-05-19T17:23:00.595049Z  INFO serve_inner: rmcp_disconnect_repro: poll i=29 elapsed_ms=3038 cancelled=false
2026-05-19T17:23:00.696604Z  INFO serve_inner: rmcp_disconnect_repro: poll i=30 elapsed_ms=3140 cancelled=false
2026-05-19T17:23:00.797110Z  INFO serve_inner: rmcp_disconnect_repro: poll i=31 elapsed_ms=3240 cancelled=false
2026-05-19T17:23:00.898644Z  INFO serve_inner: rmcp_disconnect_repro: poll i=32 elapsed_ms=3342 cancelled=false
2026-05-19T17:23:00.999316Z  INFO serve_inner: rmcp_disconnect_repro: poll i=33 elapsed_ms=3442 cancelled=false
2026-05-19T17:23:01.100993Z  INFO serve_inner: rmcp_disconnect_repro: poll i=34 elapsed_ms=3544 cancelled=false
2026-05-19T17:23:01.202621Z  INFO serve_inner: rmcp_disconnect_repro: poll i=35 elapsed_ms=3646 cancelled=false
2026-05-19T17:23:01.303346Z  INFO serve_inner: rmcp_disconnect_repro: poll i=36 elapsed_ms=3746 cancelled=false
2026-05-19T17:23:01.404979Z  INFO serve_inner: rmcp_disconnect_repro: poll i=37 elapsed_ms=3848 cancelled=false
2026-05-19T17:23:01.506491Z  INFO serve_inner: rmcp_disconnect_repro: poll i=38 elapsed_ms=3950 cancelled=false
2026-05-19T17:23:01.608045Z  INFO serve_inner: rmcp_disconnect_repro: poll i=39 elapsed_ms=4051 cancelled=false
2026-05-19T17:23:01.709542Z  INFO serve_inner: rmcp_disconnect_repro: poll i=40 elapsed_ms=4153 cancelled=false
2026-05-19T17:23:01.810103Z  INFO serve_inner: rmcp_disconnect_repro: poll i=41 elapsed_ms=4253 cancelled=false
2026-05-19T17:23:01.911622Z  INFO serve_inner: rmcp_disconnect_repro: poll i=42 elapsed_ms=4355 cancelled=false
2026-05-19T17:23:02.012201Z  INFO serve_inner: rmcp_disconnect_repro: poll i=43 elapsed_ms=4455 cancelled=false
2026-05-19T17:23:02.113841Z  INFO serve_inner: rmcp_disconnect_repro: poll i=44 elapsed_ms=4557 cancelled=false
2026-05-19T17:23:02.215496Z  INFO serve_inner: rmcp_disconnect_repro: poll i=45 elapsed_ms=4659 cancelled=false
2026-05-19T17:23:02.317065Z  INFO serve_inner: rmcp_disconnect_repro: poll i=46 elapsed_ms=4760 cancelled=false
2026-05-19T17:23:02.418616Z  INFO serve_inner: rmcp_disconnect_repro: poll i=47 elapsed_ms=4862 cancelled=false
2026-05-19T17:23:02.519221Z  INFO serve_inner: rmcp_disconnect_repro: poll i=48 elapsed_ms=4962 cancelled=false
2026-05-19T17:23:02.620797Z  INFO serve_inner: rmcp_disconnect_repro: poll i=49 elapsed_ms=5064 cancelled=false
2026-05-19T17:23:02.722473Z  INFO serve_inner: rmcp_disconnect_repro: poll i=50 elapsed_ms=5166 cancelled=false
2026-05-19T17:23:02.823551Z  INFO serve_inner: rmcp_disconnect_repro: poll i=51 elapsed_ms=5267 cancelled=false
2026-05-19T17:23:02.924261Z  INFO serve_inner: rmcp_disconnect_repro: poll i=52 elapsed_ms=5367 cancelled=false
2026-05-19T17:23:03.025819Z  INFO serve_inner: rmcp_disconnect_repro: poll i=53 elapsed_ms=5469 cancelled=false
2026-05-19T17:23:03.127352Z  INFO serve_inner: rmcp_disconnect_repro: poll i=54 elapsed_ms=5570 cancelled=false
2026-05-19T17:23:03.229054Z  INFO serve_inner: rmcp_disconnect_repro: poll i=55 elapsed_ms=5672 cancelled=false
2026-05-19T17:23:03.330639Z  INFO serve_inner: rmcp_disconnect_repro: poll i=56 elapsed_ms=5774 cancelled=false
2026-05-19T17:23:03.431222Z  INFO serve_inner: rmcp_disconnect_repro: poll i=57 elapsed_ms=5874 cancelled=false
2026-05-19T17:23:03.532719Z  INFO serve_inner: rmcp_disconnect_repro: poll i=58 elapsed_ms=5976 cancelled=false
2026-05-19T17:23:03.633096Z  INFO serve_inner: rmcp_disconnect_repro: poll i=59 elapsed_ms=6076 cancelled=false
2026-05-19T17:23:03.734583Z  INFO serve_inner: rmcp_disconnect_repro: poll i=60 elapsed_ms=6178 cancelled=false
2026-05-19T17:23:03.835138Z  INFO serve_inner: rmcp_disconnect_repro: poll i=61 elapsed_ms=6278 cancelled=false
2026-05-19T17:23:03.936615Z  INFO serve_inner: rmcp_disconnect_repro: poll i=62 elapsed_ms=6380 cancelled=false
2026-05-19T17:23:04.037219Z  INFO serve_inner: rmcp_disconnect_repro: poll i=63 elapsed_ms=6480 cancelled=false
2026-05-19T17:23:04.138807Z  INFO serve_inner: rmcp_disconnect_repro: poll i=64 elapsed_ms=6582 cancelled=false
2026-05-19T17:23:04.240445Z  INFO serve_inner: rmcp_disconnect_repro: poll i=65 elapsed_ms=6683 cancelled=false
2026-05-19T17:23:04.342086Z  INFO serve_inner: rmcp_disconnect_repro: poll i=66 elapsed_ms=6785 cancelled=false
2026-05-19T17:23:04.443741Z  INFO serve_inner: rmcp_disconnect_repro: poll i=67 elapsed_ms=6887 cancelled=false
2026-05-19T17:23:04.545434Z  INFO serve_inner: rmcp_disconnect_repro: poll i=68 elapsed_ms=6988 cancelled=false
2026-05-19T17:23:04.647030Z  INFO serve_inner: rmcp_disconnect_repro: poll i=69 elapsed_ms=7090 cancelled=false
2026-05-19T17:23:04.748598Z  INFO serve_inner: rmcp_disconnect_repro: poll i=70 elapsed_ms=7192 cancelled=false
2026-05-19T17:23:04.849220Z  INFO serve_inner: rmcp_disconnect_repro: poll i=71 elapsed_ms=7292 cancelled=false
2026-05-19T17:23:04.950740Z  INFO serve_inner: rmcp_disconnect_repro: poll i=72 elapsed_ms=7394 cancelled=false
2026-05-19T17:23:05.051259Z  INFO serve_inner: rmcp_disconnect_repro: poll i=73 elapsed_ms=7494 cancelled=false
2026-05-19T17:23:05.152728Z  INFO serve_inner: rmcp_disconnect_repro: poll i=74 elapsed_ms=7596 cancelled=false
2026-05-19T17:23:05.253672Z  INFO serve_inner: rmcp_disconnect_repro: poll i=75 elapsed_ms=7697 cancelled=false
2026-05-19T17:23:05.354395Z  INFO serve_inner: rmcp_disconnect_repro: poll i=76 elapsed_ms=7797 cancelled=false
2026-05-19T17:23:05.455995Z  INFO serve_inner: rmcp_disconnect_repro: poll i=77 elapsed_ms=7899 cancelled=false
2026-05-19T17:23:05.557494Z  INFO serve_inner: rmcp_disconnect_repro: poll i=78 elapsed_ms=8001 cancelled=false
2026-05-19T17:23:05.659063Z  INFO serve_inner: rmcp_disconnect_repro: poll i=79 elapsed_ms=8102 cancelled=false
2026-05-19T17:23:05.760674Z  INFO serve_inner: rmcp_disconnect_repro: poll i=80 elapsed_ms=8204 cancelled=false
2026-05-19T17:23:05.861196Z  INFO serve_inner: rmcp_disconnect_repro: poll i=81 elapsed_ms=8304 cancelled=false
2026-05-19T17:23:05.962708Z  INFO serve_inner: rmcp_disconnect_repro: poll i=82 elapsed_ms=8406 cancelled=false
2026-05-19T17:23:06.063220Z  INFO serve_inner: rmcp_disconnect_repro: poll i=83 elapsed_ms=8506 cancelled=false
2026-05-19T17:23:06.164799Z  INFO serve_inner: rmcp_disconnect_repro: poll i=84 elapsed_ms=8608 cancelled=false
2026-05-19T17:23:06.266389Z  INFO serve_inner: rmcp_disconnect_repro: poll i=85 elapsed_ms=8709 cancelled=false
2026-05-19T17:23:06.367908Z  INFO serve_inner: rmcp_disconnect_repro: poll i=86 elapsed_ms=8811 cancelled=false
2026-05-19T17:23:06.469545Z  INFO serve_inner: rmcp_disconnect_repro: poll i=87 elapsed_ms=8913 cancelled=false
2026-05-19T17:23:06.570186Z  INFO serve_inner: rmcp_disconnect_repro: poll i=88 elapsed_ms=9013 cancelled=false
2026-05-19T17:23:06.671812Z  INFO serve_inner: rmcp_disconnect_repro: poll i=89 elapsed_ms=9115 cancelled=false
2026-05-19T17:23:06.773442Z  INFO serve_inner: rmcp_disconnect_repro: poll i=90 elapsed_ms=9216 cancelled=false
2026-05-19T17:23:06.874960Z  INFO serve_inner: rmcp_disconnect_repro: poll i=91 elapsed_ms=9318 cancelled=false
2026-05-19T17:23:06.976797Z  INFO serve_inner: rmcp_disconnect_repro: poll i=92 elapsed_ms=9420 cancelled=false
2026-05-19T17:23:07.078476Z  INFO serve_inner: rmcp_disconnect_repro: poll i=93 elapsed_ms=9522 cancelled=false
2026-05-19T17:23:07.180153Z  INFO serve_inner: rmcp_disconnect_repro: poll i=94 elapsed_ms=9623 cancelled=false
2026-05-19T17:23:07.281677Z  INFO serve_inner: rmcp_disconnect_repro: poll i=95 elapsed_ms=9725 cancelled=false
2026-05-19T17:23:07.382323Z  INFO serve_inner: rmcp_disconnect_repro: poll i=96 elapsed_ms=9825 cancelled=false
2026-05-19T17:23:07.484065Z  INFO serve_inner: rmcp_disconnect_repro: poll i=97 elapsed_ms=9927 cancelled=false
2026-05-19T17:23:07.585677Z  INFO serve_inner: rmcp_disconnect_repro: poll i=98 elapsed_ms=10029 cancelled=false
2026-05-19T17:23:07.686302Z  INFO serve_inner: rmcp_disconnect_repro: poll i=99 elapsed_ms=10129 cancelled=false
2026-05-19T17:23:07.787881Z  INFO serve_inner: rmcp_disconnect_repro: poll i=100 elapsed_ms=10231 cancelled=false
2026-05-19T17:23:07.889504Z  INFO serve_inner: rmcp_disconnect_repro: poll i=101 elapsed_ms=10333 cancelled=false
2026-05-19T17:23:07.991090Z  INFO serve_inner: rmcp_disconnect_repro: poll i=102 elapsed_ms=10434 cancelled=false
2026-05-19T17:23:08.092774Z  INFO serve_inner: rmcp_disconnect_repro: poll i=103 elapsed_ms=10536 cancelled=false
2026-05-19T17:23:08.194352Z  INFO serve_inner: rmcp_disconnect_repro: poll i=104 elapsed_ms=10637 cancelled=false
2026-05-19T17:23:08.295896Z  INFO serve_inner: rmcp_disconnect_repro: poll i=105 elapsed_ms=10739 cancelled=false
2026-05-19T17:23:08.397534Z  INFO serve_inner: rmcp_disconnect_repro: poll i=106 elapsed_ms=10841 cancelled=false
2026-05-19T17:23:08.498049Z  INFO serve_inner: rmcp_disconnect_repro: poll i=107 elapsed_ms=10941 cancelled=false
2026-05-19T17:23:08.599505Z  INFO serve_inner: rmcp_disconnect_repro: poll i=108 elapsed_ms=11043 cancelled=false
2026-05-19T17:23:08.701044Z  INFO serve_inner: rmcp_disconnect_repro: poll i=109 elapsed_ms=11144 cancelled=false
2026-05-19T17:23:08.802541Z  INFO serve_inner: rmcp_disconnect_repro: poll i=110 elapsed_ms=11246 cancelled=false
2026-05-19T17:23:08.904367Z  INFO serve_inner: rmcp_disconnect_repro: poll i=111 elapsed_ms=11347 cancelled=false
2026-05-19T17:23:09.005975Z  INFO serve_inner: rmcp_disconnect_repro: poll i=112 elapsed_ms=11449 cancelled=false
2026-05-19T17:23:09.107651Z  INFO serve_inner: rmcp_disconnect_repro: poll i=113 elapsed_ms=11551 cancelled=false
2026-05-19T17:23:09.208170Z  INFO serve_inner: rmcp_disconnect_repro: poll i=114 elapsed_ms=11651 cancelled=false
2026-05-19T17:23:09.309730Z  INFO serve_inner: rmcp_disconnect_repro: poll i=115 elapsed_ms=11753 cancelled=false
2026-05-19T17:23:09.410318Z  INFO serve_inner: rmcp_disconnect_repro: poll i=116 elapsed_ms=11853 cancelled=false
2026-05-19T17:23:09.511980Z  INFO serve_inner: rmcp_disconnect_repro: poll i=117 elapsed_ms=11955 cancelled=false
2026-05-19T17:23:09.613519Z  INFO serve_inner: rmcp_disconnect_repro: poll i=118 elapsed_ms=12057 cancelled=false
2026-05-19T17:23:09.714132Z  INFO serve_inner: rmcp_disconnect_repro: poll i=119 elapsed_ms=12157 cancelled=false
2026-05-19T17:23:09.815717Z  INFO serve_inner: rmcp_disconnect_repro: poll i=120 elapsed_ms=12259 cancelled=false
2026-05-19T17:23:09.916317Z  INFO serve_inner: rmcp_disconnect_repro: poll i=121 elapsed_ms=12359 cancelled=false
2026-05-19T17:23:10.017902Z  INFO serve_inner: rmcp_disconnect_repro: poll i=122 elapsed_ms=12461 cancelled=false
2026-05-19T17:23:10.119557Z  INFO serve_inner: rmcp_disconnect_repro: poll i=123 elapsed_ms=12563 cancelled=false
2026-05-19T17:23:10.221134Z  INFO serve_inner: rmcp_disconnect_repro: poll i=124 elapsed_ms=12664 cancelled=false
2026-05-19T17:23:10.322687Z  INFO serve_inner: rmcp_disconnect_repro: poll i=125 elapsed_ms=12766 cancelled=false
2026-05-19T17:23:10.423275Z  INFO serve_inner: rmcp_disconnect_repro: poll i=126 elapsed_ms=12866 cancelled=false
2026-05-19T17:23:10.524987Z  INFO serve_inner: rmcp_disconnect_repro: poll i=127 elapsed_ms=12968 cancelled=false
2026-05-19T17:23:10.626554Z  INFO serve_inner: rmcp_disconnect_repro: poll i=128 elapsed_ms=13070 cancelled=false
2026-05-19T17:23:10.728101Z  INFO serve_inner: rmcp_disconnect_repro: poll i=129 elapsed_ms=13171 cancelled=false
2026-05-19T17:23:10.829645Z  INFO serve_inner: rmcp_disconnect_repro: poll i=130 elapsed_ms=13273 cancelled=false
2026-05-19T17:23:10.930285Z  INFO serve_inner: rmcp_disconnect_repro: poll i=131 elapsed_ms=13373 cancelled=false
2026-05-19T17:23:11.031888Z  INFO serve_inner: rmcp_disconnect_repro: poll i=132 elapsed_ms=13475 cancelled=false
2026-05-19T17:23:11.133616Z  INFO serve_inner: rmcp_disconnect_repro: poll i=133 elapsed_ms=13577 cancelled=false
2026-05-19T17:23:11.234249Z  INFO serve_inner: rmcp_disconnect_repro: poll i=134 elapsed_ms=13677 cancelled=false
2026-05-19T17:23:11.335988Z  INFO serve_inner: rmcp_disconnect_repro: poll i=135 elapsed_ms=13779 cancelled=false
2026-05-19T17:23:11.437597Z  INFO serve_inner: rmcp_disconnect_repro: poll i=136 elapsed_ms=13881 cancelled=false
2026-05-19T17:23:11.538279Z  INFO serve_inner: rmcp_disconnect_repro: poll i=137 elapsed_ms=13981 cancelled=false
2026-05-19T17:23:11.639846Z  INFO serve_inner: rmcp_disconnect_repro: poll i=138 elapsed_ms=14083 cancelled=false
2026-05-19T17:23:11.741411Z  INFO serve_inner: rmcp_disconnect_repro: poll i=139 elapsed_ms=14184 cancelled=false
2026-05-19T17:23:11.842984Z  INFO serve_inner: rmcp_disconnect_repro: poll i=140 elapsed_ms=14286 cancelled=false
2026-05-19T17:23:11.944988Z  INFO serve_inner: rmcp_disconnect_repro: poll i=141 elapsed_ms=14388 cancelled=false
2026-05-19T17:23:12.046539Z  INFO serve_inner: rmcp_disconnect_repro: poll i=142 elapsed_ms=14490 cancelled=false
2026-05-19T17:23:12.148038Z  INFO serve_inner: rmcp_disconnect_repro: poll i=143 elapsed_ms=14591 cancelled=false
2026-05-19T17:23:12.249551Z  INFO serve_inner: rmcp_disconnect_repro: poll i=144 elapsed_ms=14693 cancelled=false
2026-05-19T17:23:12.350169Z  INFO serve_inner: rmcp_disconnect_repro: poll i=145 elapsed_ms=14793 cancelled=false
2026-05-19T17:23:12.451794Z  INFO serve_inner: rmcp_disconnect_repro: poll i=146 elapsed_ms=14895 cancelled=false
2026-05-19T17:23:12.553470Z  INFO serve_inner: rmcp_disconnect_repro: poll i=147 elapsed_ms=14997 cancelled=false
2026-05-19T17:23:12.655085Z  INFO serve_inner: rmcp_disconnect_repro: poll i=148 elapsed_ms=15098 cancelled=false
2026-05-19T17:23:12.756677Z  INFO serve_inner: rmcp_disconnect_repro: poll i=149 elapsed_ms=15200 cancelled=false
2026-05-19T17:23:12.857074Z  INFO serve_inner: rmcp_disconnect_repro: poll i=150 elapsed_ms=15300 cancelled=false
2026-05-19T17:23:12.958649Z  INFO serve_inner: rmcp_disconnect_repro: poll i=151 elapsed_ms=15402 cancelled=false
2026-05-19T17:23:13.059190Z  INFO serve_inner: rmcp_disconnect_repro: poll i=152 elapsed_ms=15502 cancelled=false
2026-05-19T17:23:13.160844Z  INFO serve_inner: rmcp_disconnect_repro: poll i=153 elapsed_ms=15604 cancelled=false
2026-05-19T17:23:13.262440Z  INFO serve_inner: rmcp_disconnect_repro: poll i=154 elapsed_ms=15705 cancelled=false
2026-05-19T17:23:13.364018Z  INFO serve_inner: rmcp_disconnect_repro: poll i=155 elapsed_ms=15807 cancelled=false
2026-05-19T17:23:13.465661Z  INFO serve_inner: rmcp_disconnect_repro: poll i=156 elapsed_ms=15909 cancelled=false
2026-05-19T17:23:13.566316Z  INFO serve_inner: rmcp_disconnect_repro: poll i=157 elapsed_ms=16009 cancelled=false
2026-05-19T17:23:13.667801Z  INFO serve_inner: rmcp_disconnect_repro: poll i=158 elapsed_ms=16111 cancelled=false
2026-05-19T17:23:13.769522Z  INFO serve_inner: rmcp_disconnect_repro: poll i=159 elapsed_ms=16213 cancelled=false
2026-05-19T17:23:13.871059Z  INFO serve_inner: rmcp_disconnect_repro: poll i=160 elapsed_ms=16314 cancelled=false
2026-05-19T17:23:13.972528Z  INFO serve_inner: rmcp_disconnect_repro: poll i=161 elapsed_ms=16416 cancelled=false
2026-05-19T17:23:14.073006Z  INFO serve_inner: rmcp_disconnect_repro: poll i=162 elapsed_ms=16516 cancelled=false
2026-05-19T17:23:14.174621Z  INFO serve_inner: rmcp_disconnect_repro: poll i=163 elapsed_ms=16618 cancelled=false
2026-05-19T17:23:14.275272Z  INFO serve_inner: rmcp_disconnect_repro: poll i=164 elapsed_ms=16718 cancelled=false
2026-05-19T17:23:14.376840Z  INFO serve_inner: rmcp_disconnect_repro: poll i=165 elapsed_ms=16820 cancelled=false
2026-05-19T17:23:14.478612Z  INFO serve_inner: rmcp_disconnect_repro: poll i=166 elapsed_ms=16922 cancelled=false
2026-05-19T17:23:14.579269Z  INFO serve_inner: rmcp_disconnect_repro: poll i=167 elapsed_ms=17022 cancelled=false
2026-05-19T17:23:14.680781Z  INFO serve_inner: rmcp_disconnect_repro: poll i=168 elapsed_ms=17124 cancelled=false
2026-05-19T17:23:14.782295Z  INFO serve_inner: rmcp_disconnect_repro: poll i=169 elapsed_ms=17225 cancelled=false
2026-05-19T17:23:14.883837Z  INFO serve_inner: rmcp_disconnect_repro: poll i=170 elapsed_ms=17327 cancelled=false
2026-05-19T17:23:14.985512Z  INFO serve_inner: rmcp_disconnect_repro: poll i=171 elapsed_ms=17429 cancelled=false
2026-05-19T17:23:15.087071Z  INFO serve_inner: rmcp_disconnect_repro: poll i=172 elapsed_ms=17530 cancelled=false
2026-05-19T17:23:15.188760Z  INFO serve_inner: rmcp_disconnect_repro: poll i=173 elapsed_ms=17632 cancelled=false
2026-05-19T17:23:15.290505Z  INFO serve_inner: rmcp_disconnect_repro: poll i=174 elapsed_ms=17734 cancelled=false
2026-05-19T17:23:15.392119Z  INFO serve_inner: rmcp_disconnect_repro: poll i=175 elapsed_ms=17835 cancelled=false
2026-05-19T17:23:15.493703Z  INFO serve_inner: rmcp_disconnect_repro: poll i=176 elapsed_ms=17937 cancelled=false
2026-05-19T17:23:15.594249Z  INFO serve_inner: rmcp_disconnect_repro: poll i=177 elapsed_ms=18037 cancelled=false
2026-05-19T17:23:15.695980Z  INFO serve_inner: rmcp_disconnect_repro: poll i=178 elapsed_ms=18139 cancelled=false
2026-05-19T17:23:15.797714Z  INFO serve_inner: rmcp_disconnect_repro: poll i=179 elapsed_ms=18241 cancelled=false
2026-05-19T17:23:15.898357Z  INFO serve_inner: rmcp_disconnect_repro: poll i=180 elapsed_ms=18341 cancelled=false
2026-05-19T17:23:16.000070Z  INFO serve_inner: rmcp_disconnect_repro: poll i=181 elapsed_ms=18443 cancelled=false
2026-05-19T17:23:16.101705Z  INFO serve_inner: rmcp_disconnect_repro: poll i=182 elapsed_ms=18545 cancelled=false
2026-05-19T17:23:16.202318Z  INFO serve_inner: rmcp_disconnect_repro: poll i=183 elapsed_ms=18645 cancelled=false
2026-05-19T17:23:16.303873Z  INFO serve_inner: rmcp_disconnect_repro: poll i=184 elapsed_ms=18747 cancelled=false
2026-05-19T17:23:16.406297Z  INFO serve_inner: rmcp_disconnect_repro: poll i=185 elapsed_ms=18849 cancelled=false
2026-05-19T17:23:16.507986Z  INFO serve_inner: rmcp_disconnect_repro: poll i=186 elapsed_ms=18951 cancelled=false
2026-05-19T17:23:16.609578Z  INFO serve_inner: rmcp_disconnect_repro: poll i=187 elapsed_ms=19053 cancelled=false
2026-05-19T17:23:16.710150Z  INFO serve_inner: rmcp_disconnect_repro: poll i=188 elapsed_ms=19153 cancelled=false
2026-05-19T17:23:16.811789Z  INFO serve_inner: rmcp_disconnect_repro: poll i=189 elapsed_ms=19255 cancelled=false
2026-05-19T17:23:16.913470Z  INFO serve_inner: rmcp_disconnect_repro: poll i=190 elapsed_ms=19356 cancelled=false
2026-05-19T17:23:17.014168Z  INFO serve_inner: rmcp_disconnect_repro: poll i=191 elapsed_ms=19457 cancelled=false
2026-05-19T17:23:17.115783Z  INFO serve_inner: rmcp_disconnect_repro: poll i=192 elapsed_ms=19559 cancelled=false
2026-05-19T17:23:17.217386Z  INFO serve_inner: rmcp_disconnect_repro: poll i=193 elapsed_ms=19660 cancelled=false
2026-05-19T17:23:17.318965Z  INFO serve_inner: rmcp_disconnect_repro: poll i=194 elapsed_ms=19762 cancelled=false
2026-05-19T17:23:17.420522Z  INFO serve_inner: rmcp_disconnect_repro: poll i=195 elapsed_ms=19864 cancelled=false
2026-05-19T17:23:17.522131Z  INFO serve_inner: rmcp_disconnect_repro: poll i=196 elapsed_ms=19965 cancelled=false
2026-05-19T17:23:17.623804Z  INFO serve_inner: rmcp_disconnect_repro: poll i=197 elapsed_ms=20067 cancelled=false
2026-05-19T17:23:17.725429Z  INFO serve_inner: rmcp_disconnect_repro: poll i=198 elapsed_ms=20168 cancelled=false
2026-05-19T17:23:17.826951Z  INFO serve_inner: rmcp_disconnect_repro: poll i=199 elapsed_ms=20270 cancelled=false
2026-05-19T17:23:17.928487Z  INFO serve_inner: rmcp_disconnect_repro: poll i=200 elapsed_ms=20372 cancelled=false
2026-05-19T17:23:18.030043Z  INFO serve_inner: rmcp_disconnect_repro: poll i=201 elapsed_ms=20473 cancelled=false
2026-05-19T17:23:18.131641Z  INFO serve_inner: rmcp_disconnect_repro: poll i=202 elapsed_ms=20575 cancelled=false
2026-05-19T17:23:18.233086Z  INFO serve_inner: rmcp_disconnect_repro: poll i=203 elapsed_ms=20676 cancelled=false
2026-05-19T17:23:18.334738Z  INFO serve_inner: rmcp_disconnect_repro: poll i=204 elapsed_ms=20778 cancelled=false
2026-05-19T17:23:18.436399Z  INFO serve_inner: rmcp_disconnect_repro: poll i=205 elapsed_ms=20879 cancelled=false
2026-05-19T17:23:18.538036Z  INFO serve_inner: rmcp_disconnect_repro: poll i=206 elapsed_ms=20981 cancelled=false
2026-05-19T17:23:18.639599Z  INFO serve_inner: rmcp_disconnect_repro: poll i=207 elapsed_ms=21083 cancelled=false
2026-05-19T17:23:18.740125Z  INFO serve_inner: rmcp_disconnect_repro: poll i=208 elapsed_ms=21183 cancelled=false
2026-05-19T17:23:18.841669Z  INFO serve_inner: rmcp_disconnect_repro: poll i=209 elapsed_ms=21285 cancelled=false
2026-05-19T17:23:18.942233Z  INFO serve_inner: rmcp_disconnect_repro: poll i=210 elapsed_ms=21385 cancelled=false
2026-05-19T17:23:19.043746Z  INFO serve_inner: rmcp_disconnect_repro: poll i=211 elapsed_ms=21487 cancelled=false
2026-05-19T17:23:19.144279Z  INFO serve_inner: rmcp_disconnect_repro: poll i=212 elapsed_ms=21587 cancelled=false
2026-05-19T17:23:19.245793Z  INFO serve_inner: rmcp_disconnect_repro: poll i=213 elapsed_ms=21689 cancelled=false
2026-05-19T17:23:19.347363Z  INFO serve_inner: rmcp_disconnect_repro: poll i=214 elapsed_ms=21790 cancelled=false
2026-05-19T17:23:19.448825Z  INFO serve_inner: rmcp_disconnect_repro: poll i=215 elapsed_ms=21892 cancelled=false
2026-05-19T17:23:19.550392Z  INFO serve_inner: rmcp_disconnect_repro: poll i=216 elapsed_ms=21993 cancelled=false
2026-05-19T17:23:19.651956Z  INFO serve_inner: rmcp_disconnect_repro: poll i=217 elapsed_ms=22095 cancelled=false
2026-05-19T17:23:19.753535Z  INFO serve_inner: rmcp_disconnect_repro: poll i=218 elapsed_ms=22197 cancelled=false
2026-05-19T17:23:19.854168Z  INFO serve_inner: rmcp_disconnect_repro: poll i=219 elapsed_ms=22297 cancelled=false
2026-05-19T17:23:19.955717Z  INFO serve_inner: rmcp_disconnect_repro: poll i=220 elapsed_ms=22399 cancelled=false
2026-05-19T17:23:20.056302Z  INFO serve_inner: rmcp_disconnect_repro: poll i=221 elapsed_ms=22499 cancelled=false
2026-05-19T17:23:20.157862Z  INFO serve_inner: rmcp_disconnect_repro: poll i=222 elapsed_ms=22601 cancelled=false
2026-05-19T17:23:20.259492Z  INFO serve_inner: rmcp_disconnect_repro: poll i=223 elapsed_ms=22703 cancelled=false
2026-05-19T17:23:20.361049Z  INFO serve_inner: rmcp_disconnect_repro: poll i=224 elapsed_ms=22804 cancelled=false
2026-05-19T17:23:20.462560Z  INFO serve_inner: rmcp_disconnect_repro: poll i=225 elapsed_ms=22906 cancelled=false
2026-05-19T17:23:20.564066Z  INFO serve_inner: rmcp_disconnect_repro: poll i=226 elapsed_ms=23007 cancelled=false
2026-05-19T17:23:20.665591Z  INFO serve_inner: rmcp_disconnect_repro: poll i=227 elapsed_ms=23109 cancelled=false
2026-05-19T17:23:20.767059Z  INFO serve_inner: rmcp_disconnect_repro: poll i=228 elapsed_ms=23210 cancelled=false
2026-05-19T17:23:20.868641Z  INFO serve_inner: rmcp_disconnect_repro: poll i=229 elapsed_ms=23312 cancelled=false
2026-05-19T17:23:20.969208Z  INFO serve_inner: rmcp_disconnect_repro: poll i=230 elapsed_ms=23412 cancelled=false
2026-05-19T17:23:21.070770Z  INFO serve_inner: rmcp_disconnect_repro: poll i=231 elapsed_ms=23514 cancelled=false
2026-05-19T17:23:21.172277Z  INFO serve_inner: rmcp_disconnect_repro: poll i=232 elapsed_ms=23615 cancelled=false
2026-05-19T17:23:21.273824Z  INFO serve_inner: rmcp_disconnect_repro: poll i=233 elapsed_ms=23717 cancelled=false
2026-05-19T17:23:21.375430Z  INFO serve_inner: rmcp_disconnect_repro: poll i=234 elapsed_ms=23818 cancelled=false
2026-05-19T17:23:21.477043Z  INFO serve_inner: rmcp_disconnect_repro: poll i=235 elapsed_ms=23920 cancelled=false
2026-05-19T17:23:21.578610Z  INFO serve_inner: rmcp_disconnect_repro: poll i=236 elapsed_ms=24022 cancelled=false
2026-05-19T17:23:21.679174Z  INFO serve_inner: rmcp_disconnect_repro: poll i=237 elapsed_ms=24122 cancelled=false
2026-05-19T17:23:21.781028Z  INFO serve_inner: rmcp_disconnect_repro: poll i=238 elapsed_ms=24224 cancelled=false
2026-05-19T17:23:21.882779Z  INFO serve_inner: rmcp_disconnect_repro: poll i=239 elapsed_ms=24326 cancelled=false
2026-05-19T17:23:21.984322Z  INFO serve_inner: rmcp_disconnect_repro: poll i=240 elapsed_ms=24427 cancelled=false
2026-05-19T17:23:22.085952Z  INFO serve_inner: rmcp_disconnect_repro: poll i=241 elapsed_ms=24529 cancelled=false
2026-05-19T17:23:22.187446Z  INFO serve_inner: rmcp_disconnect_repro: poll i=242 elapsed_ms=24630 cancelled=false
2026-05-19T17:23:22.288111Z  INFO serve_inner: rmcp_disconnect_repro: poll i=243 elapsed_ms=24731 cancelled=false
2026-05-19T17:23:22.389651Z  INFO serve_inner: rmcp_disconnect_repro: poll i=244 elapsed_ms=24833 cancelled=false
2026-05-19T17:23:22.490253Z  INFO serve_inner: rmcp_disconnect_repro: poll i=245 elapsed_ms=24933 cancelled=false
2026-05-19T17:23:22.591791Z  INFO serve_inner: rmcp_disconnect_repro: poll i=246 elapsed_ms=25035 cancelled=false
2026-05-19T17:23:22.693333Z  INFO serve_inner: rmcp_disconnect_repro: poll i=247 elapsed_ms=25136 cancelled=false
2026-05-19T17:23:22.794815Z  INFO serve_inner: rmcp_disconnect_repro: poll i=248 elapsed_ms=25238 cancelled=false
2026-05-19T17:23:22.896361Z  INFO serve_inner: rmcp_disconnect_repro: poll i=249 elapsed_ms=25339 cancelled=false
2026-05-19T17:23:22.998015Z  INFO serve_inner: rmcp_disconnect_repro: poll i=250 elapsed_ms=25441 cancelled=false
2026-05-19T17:23:23.099716Z  INFO serve_inner: rmcp_disconnect_repro: poll i=251 elapsed_ms=25543 cancelled=false
2026-05-19T17:23:23.200319Z  INFO serve_inner: rmcp_disconnect_repro: poll i=252 elapsed_ms=25643 cancelled=false
2026-05-19T17:23:23.301896Z  INFO serve_inner: rmcp_disconnect_repro: poll i=253 elapsed_ms=25745 cancelled=false
2026-05-19T17:23:23.403470Z  INFO serve_inner: rmcp_disconnect_repro: poll i=254 elapsed_ms=25847 cancelled=false
2026-05-19T17:23:23.504076Z  INFO serve_inner: rmcp_disconnect_repro: poll i=255 elapsed_ms=25947 cancelled=false
2026-05-19T17:23:23.605576Z  INFO serve_inner: rmcp_disconnect_repro: poll i=256 elapsed_ms=26049 cancelled=false
2026-05-19T17:23:23.706123Z  INFO serve_inner: rmcp_disconnect_repro: poll i=257 elapsed_ms=26149 cancelled=false
2026-05-19T17:23:23.807726Z  INFO serve_inner: rmcp_disconnect_repro: poll i=258 elapsed_ms=26251 cancelled=false
2026-05-19T17:23:23.908289Z  INFO serve_inner: rmcp_disconnect_repro: poll i=259 elapsed_ms=26351 cancelled=false
2026-05-19T17:23:24.009833Z  INFO serve_inner: rmcp_disconnect_repro: poll i=260 elapsed_ms=26453 cancelled=false
2026-05-19T17:23:24.111380Z  INFO serve_inner: rmcp_disconnect_repro: poll i=261 elapsed_ms=26554 cancelled=false
2026-05-19T17:23:24.213030Z  INFO serve_inner: rmcp_disconnect_repro: poll i=262 elapsed_ms=26656 cancelled=false
2026-05-19T17:23:24.314685Z  INFO serve_inner: rmcp_disconnect_repro: poll i=263 elapsed_ms=26758 cancelled=false
2026-05-19T17:23:24.415337Z  INFO serve_inner: rmcp_disconnect_repro: poll i=264 elapsed_ms=26858 cancelled=false
2026-05-19T17:23:24.517017Z  INFO serve_inner: rmcp_disconnect_repro: poll i=265 elapsed_ms=26960 cancelled=false
2026-05-19T17:23:24.618620Z  INFO serve_inner: rmcp_disconnect_repro: poll i=266 elapsed_ms=27062 cancelled=false
2026-05-19T17:23:24.719308Z  INFO serve_inner: rmcp_disconnect_repro: poll i=267 elapsed_ms=27162 cancelled=false
2026-05-19T17:23:24.821010Z  INFO serve_inner: rmcp_disconnect_repro: poll i=268 elapsed_ms=27264 cancelled=false
2026-05-19T17:23:24.923598Z  INFO serve_inner: rmcp_disconnect_repro: poll i=269 elapsed_ms=27367 cancelled=false
2026-05-19T17:23:25.024326Z  INFO serve_inner: rmcp_disconnect_repro: poll i=270 elapsed_ms=27467 cancelled=false
2026-05-19T17:23:25.125911Z  INFO serve_inner: rmcp_disconnect_repro: poll i=271 elapsed_ms=27569 cancelled=false
2026-05-19T17:23:25.227498Z  INFO serve_inner: rmcp_disconnect_repro: poll i=272 elapsed_ms=27671 cancelled=false
2026-05-19T17:23:25.328163Z  INFO serve_inner: rmcp_disconnect_repro: poll i=273 elapsed_ms=27771 cancelled=false
2026-05-19T17:23:25.429564Z  INFO serve_inner: rmcp_disconnect_repro: poll i=274 elapsed_ms=27873 cancelled=false
2026-05-19T17:23:25.530128Z  INFO serve_inner: rmcp_disconnect_repro: poll i=275 elapsed_ms=27973 cancelled=false
2026-05-19T17:23:25.632096Z  INFO serve_inner: rmcp_disconnect_repro: poll i=276 elapsed_ms=28075 cancelled=false
2026-05-19T17:23:25.733689Z  INFO serve_inner: rmcp_disconnect_repro: poll i=277 elapsed_ms=28177 cancelled=false
2026-05-19T17:23:25.834247Z  INFO serve_inner: rmcp_disconnect_repro: poll i=278 elapsed_ms=28277 cancelled=false
2026-05-19T17:23:25.935851Z  INFO serve_inner: rmcp_disconnect_repro: poll i=279 elapsed_ms=28379 cancelled=false
2026-05-19T17:23:26.037419Z  INFO serve_inner: rmcp_disconnect_repro: poll i=280 elapsed_ms=28480 cancelled=false
